[debug] [2021-11-01T04:00:20.535Z] ----------------------------------------------------------------------
[debug] [2021-11-01T04:00:20.537Z] Command:       C:\Program Files\nodejs\node.exe C:\Users\ASUS\AppData\Roaming\npm\node_modules\firebase-tools\lib\bin\firebase.js init
[debug] [2021-11-01T04:00:20.538Z] CLI Version:   9.21.0
[debug] [2021-11-01T04:00:20.538Z] Platform:      win32
[debug] [2021-11-01T04:00:20.538Z] Node Version:  v14.17.6
[debug] [2021-11-01T04:00:20.539Z] Time:          Mon Nov 01 2021 11:00:20 GMT+0700 (Indochina Time)
[debug] [2021-11-01T04:00:20.539Z] ----------------------------------------------------------------------
[debug] 
[debug] [2021-11-01T04:00:20.546Z] > command requires scopes: ["email","openid","https://www.googleapis.com/auth/cloudplatformprojects.readonly","https://www.googleapis.com/auth/firebase","https://www.googleapis.com/auth/cloud-platform"]
[debug] [2021-11-01T04:00:20.546Z] > authorizing via signed-in user (maskurshidi12@gmail.com)
[info] 
     ######## #### ########  ######## ########     ###     ######  ########
     ##        ##  ##     ## ##       ##     ##  ##   ##  ##       ##
     ######    ##  ########  ######   ########  #########  ######  ######
     ##        ##  ##    ##  ##       ##     ## ##     ##       ## ##
     ##       #### ##     ## ######## ########  ##     ##  ######  ########

You're about to initialize a Firebase project in this directory:

  C:\Users\ASUS\Downloads\Development\evote

[info] 
=== Project Setup
[info] 
[info] First, let's associate this project directory with a Firebase project.
[info] You can create multiple project aliases by running firebase use --add, 
[info] but for now we'll just set up a default project.
[info] 
[debug] [2021-11-01T04:00:25.501Z] > refreshing access token with scopes: []
[debug] [2021-11-01T04:00:25.501Z] >>> HTTP REQUEST POST https://www.googleapis.com/oauth2/v3/token  
 <request body omitted>
[debug] [2021-11-01T04:00:25.685Z] <<< HTTP RESPONSE 200 {"pragma":"no-cache","expires":"Mon, 01 Jan 1990 00:00:00 GMT","date":"Mon, 01 Nov 2021 04:00:23 GMT","cache-control":"no-cache, no-store, max-age=0, must-revalidate","content-type":"application/json; charset=utf-8","vary":"X-Origin, Referer, Origin,Accept-Encoding","server":"scaffolding on HTTPServer2","x-xss-protection":"0","x-frame-options":"SAMEORIGIN","x-content-type-options":"nosniff","alt-svc":"h3=\":443\"; ma=2592000,h3-29=\":443\"; ma=2592000,h3-Q050=\":443\"; ma=2592000,h3-Q046=\":443\"; ma=2592000,h3-Q043=\":443\"; ma=2592000,quic=\":443\"; ma=2592000; v=\"46,43\"","accept-ranges":"none","transfer-encoding":"chunked"}
[debug] [2021-11-01T04:00:25.694Z] >>> [apiv2][query] GET https://firebase.googleapis.com/v1beta1/projects pageSize=100
[debug] [2021-11-01T04:00:26.378Z] <<< [apiv2][status] GET https://firebase.googleapis.com/v1beta1/projects 200
[debug] [2021-11-01T04:00:26.378Z] <<< [apiv2][body] GET https://firebase.googleapis.com/v1beta1/projects [omitted]
